<!DOCTYPE html PUBLIC "-//W3C//DTD XHTML 1.1//EN" "http://www.w3.org/TR/xhtml11/DTD/xhtml11.dtd">
<html xmlns="http://www.w3.org/1999/xhtml">
<head>
<meta http-equiv="content-type" content="text/html; charset=UTF-8"/>
<title>TestNG Report</title>
<style type="text/css">table {margin-bottom:10px;border-collapse:collapse;empty-cells:show}th,td {border:1px solid #009;padding:.25em .5em}th {vertical-align:bottom}td {vertical-align:top}table a {font-weight:bold}.stripe td {background-color: #E6EBF9}.num {text-align:right}.passedodd td {background-color: #3F3}.passedeven td {background-color: #0A0}.skippedodd td {background-color: #DDD}.skippedeven td {background-color: #CCC}.failedodd td,.attn {background-color: #F33}.failedeven td,.stripe .attn {background-color: #D00}.stacktrace {white-space:pre;font-family:monospace}.totop {font-size:85%;text-align:center;border-bottom:2px solid #000}.invisible {display:none}</style>
</head>
<body>
<table>
<tr><th>Test</th><th># Passed</th><th># Skipped</th><th># Retried</th><th># Failed</th><th>Time (ms)</th><th>Included Groups</th><th>Excluded Groups</th></tr>
<tr><th colspan="8">BrowserTestSuite</th></tr>
<tr><td><a href="#t0">ChromeTest</a></td><td class="num">13</td><td class="num">0</td><td class="num">0</td><td class="num">0</td><td class="num">56,868</td><td></td><td></td></tr>
<tr class="stripe"><td><a href="#t1">FirefoxTest</a></td><td class="num">12</td><td class="num">0</td><td class="num">0</td><td class="num attn">1</td><td class="num">80,071</td><td></td><td></td></tr>
<tr><th>Total</th><th class="num">25</th><th class="num">0</th><th class="num">0</th><th class="num attn">1</th><th class="num">136,939</th><th colspan="2"></th></tr>
</table>
<table id='summary'><thead><tr><th>Class</th><th>Method</th><th>Start</th><th>Time (ms)</th></tr></thead><tbody><tr><th colspan="4">BrowserTestSuite</th></tr></tbody><tbody id="t0"><tr><th colspan="4">ChromeTest &#8212; passed</th></tr><tr class="passedeven"><td rowspan="1">tests.magentoCreateAccountPageTest</td><td><a href="#m0">createAccountAndLogin</a></td><td rowspan="1">1692826054751</td><td rowspan="1">11291</td></tr><tr class="passedodd"><td rowspan="12">tests.magentoLoginPageTest</td><td><a href="#m1">navigateToLoginPage</a></td><td rowspan="1">1692826027767</td><td rowspan="1">1540</td></tr><tr class="passedodd"><td><a href="#m2">verifyForgotPasswordLinkDisplay</a></td><td rowspan="1">1692826030237</td><td rowspan="1">41</td></tr><tr class="passedodd"><td><a href="#m3">verifyForgotPasswordLinkNavigation</a></td><td rowspan="1">1692826030279</td><td rowspan="1">1051</td></tr><tr class="passedodd"><td><a href="#m4">verifyForgotPasswordPageBrowserBackFunctionality</a></td><td rowspan="1">1692826031641</td><td rowspan="1">1307</td></tr><tr class="passedodd"><td><a href="#m5">verifyForgotPasswordPageElements</a></td><td rowspan="1">1692826031333</td><td rowspan="1">307</td></tr><tr class="passedodd"><td><a href="#m6">verifyInvalidLoginCredentials</a></td><td rowspan="2">1692826035707</td><td rowspan="2">2684</td></tr><tr class="passedodd"><td><a href="#m7">verifyInvalidLoginCredentials</a></td></tr><tr class="passedodd"><td><a href="#m8">verifyLogin</a></td><td rowspan="1">1692826038392</td><td rowspan="1">1892</td></tr><tr class="passedodd"><td><a href="#m9">verifyLoginPageUrlAndTitle</a></td><td rowspan="1">1692826029325</td><td rowspan="1">238</td></tr><tr class="passedodd"><td><a href="#m10">verifyLoginSectionElements</a></td><td rowspan="1">1692826029569</td><td rowspan="1">272</td></tr><tr class="passedodd"><td><a href="#m11">verifyLoginSectionErrorValidation</a></td><td rowspan="1">1692826029843</td><td rowspan="1">394</td></tr><tr class="passedodd"><td><a href="#m12">verifySignOutFeature</a></td><td rowspan="1">1692826040286</td><td rowspan="1">2141</td></tr></tbody>
<tbody id="t1"><tr><th colspan="4">FirefoxTest &#8212; failed</th></tr><tr class="failedeven"><td rowspan="1">tests.magentoLoginPageTest</td><td><a href="#m13">verifyLoginSectionErrorValidation</a></td><td rowspan="1">1692826080704</td><td rowspan="1">12045</td></tr><tr><th colspan="4">FirefoxTest &#8212; passed</th></tr><tr class="passedeven"><td rowspan="1">tests.magentoCreateAccountPageTest</td><td><a href="#m14">createAccountAndLogin</a></td><td rowspan="1">1692826127457</td><td rowspan="1">17022</td></tr><tr class="passedodd"><td rowspan="11">tests.magentoLoginPageTest</td><td><a href="#m15">navigateToLoginPage</a></td><td rowspan="1">1692826078620</td><td rowspan="1">1553</td></tr><tr class="passedodd"><td><a href="#m16">verifyForgotPasswordLinkDisplay</a></td><td rowspan="1">1692826092932</td><td rowspan="1">46</td></tr><tr class="passedodd"><td><a href="#m17">verifyForgotPasswordLinkNavigation</a></td><td rowspan="1">1692826092980</td><td rowspan="1">938</td></tr><tr class="passedodd"><td><a href="#m18">verifyForgotPasswordPageBrowserBackFunctionality</a></td><td rowspan="1">1692826094414</td><td rowspan="1">947</td></tr><tr class="passedodd"><td><a href="#m19">verifyForgotPasswordPageElements</a></td><td rowspan="1">1692826093920</td><td rowspan="1">492</td></tr><tr class="passedodd"><td><a href="#m20">verifyInvalidLoginCredentials</a></td><td rowspan="2">1692826095364</td><td rowspan="2">3126</td></tr><tr class="passedodd"><td><a href="#m21">verifyInvalidLoginCredentials</a></td></tr><tr class="passedodd"><td><a href="#m22">verifyLogin</a></td><td rowspan="1">1692826101257</td><td rowspan="1">1504</td></tr><tr class="passedodd"><td><a href="#m23">verifyLoginPageUrlAndTitle</a></td><td rowspan="1">1692826080174</td><td rowspan="1">46</td></tr><tr class="passedodd"><td><a href="#m24">verifyLoginSectionElements</a></td><td rowspan="1">1692826080221</td><td rowspan="1">480</td></tr><tr class="passedodd"><td><a href="#m25">verifySignOutFeature</a></td><td rowspan="1">1692826102765</td><td rowspan="1">8036</td></tr></tbody>
</table>
<h2>ChromeTest</h2><h3 id="m0">tests.magentoCreateAccountPageTest#createAccountAndLogin</h3><table class="result"><tr><th class="invisible"/></tr></table><p class="totop"><a href="#summary">back to summary</a></p>
<h3 id="m1">tests.magentoLoginPageTest#navigateToLoginPage</h3><table class="result"><tr><th class="invisible"/></tr></table><p class="totop"><a href="#summary">back to summary</a></p>
<h3 id="m2">tests.magentoLoginPageTest#verifyForgotPasswordLinkDisplay</h3><table class="result"><tr><th class="invisible"/></tr></table><p class="totop"><a href="#summary">back to summary</a></p>
<h3 id="m3">tests.magentoLoginPageTest#verifyForgotPasswordLinkNavigation</h3><table class="result"><tr><th class="invisible"/></tr></table><p class="totop"><a href="#summary">back to summary</a></p>
<h3 id="m4">tests.magentoLoginPageTest#verifyForgotPasswordPageBrowserBackFunctionality</h3><table class="result"><tr><th class="invisible"/></tr></table><p class="totop"><a href="#summary">back to summary</a></p>
<h3 id="m5">tests.magentoLoginPageTest#verifyForgotPasswordPageElements</h3><table class="result"><tr><th class="invisible"/></tr></table><p class="totop"><a href="#summary">back to summary</a></p>
<h3 id="m6">tests.magentoLoginPageTest#verifyInvalidLoginCredentials</h3><table class="result"><tr class="param"><th>Parameter #1</th><th>Parameter #2</th></tr><tr class="param stripe"><td>testuser@yahoo.com</td><td>magento@123</td></tr></table><p class="totop"><a href="#summary">back to summary</a></p>
<h3 id="m7">tests.magentoLoginPageTest#verifyInvalidLoginCredentials</h3><table class="result"><tr class="param"><th>Parameter #1</th><th>Parameter #2</th></tr><tr class="param stripe"><td>magento1.user@gmail.com</td><td>testing123</td></tr></table><p class="totop"><a href="#summary">back to summary</a></p>
<h3 id="m8">tests.magentoLoginPageTest#verifyLogin</h3><table class="result"><tr class="param"><th>Parameter #1</th><th>Parameter #2</th></tr><tr class="param stripe"><td>magento.user@gmail.com</td><td>magento@123</td></tr></table><p class="totop"><a href="#summary">back to summary</a></p>
<h3 id="m9">tests.magentoLoginPageTest#verifyLoginPageUrlAndTitle</h3><table class="result"><tr><th class="invisible"/></tr></table><p class="totop"><a href="#summary">back to summary</a></p>
<h3 id="m10">tests.magentoLoginPageTest#verifyLoginSectionElements</h3><table class="result"><tr><th class="invisible"/></tr></table><p class="totop"><a href="#summary">back to summary</a></p>
<h3 id="m11">tests.magentoLoginPageTest#verifyLoginSectionErrorValidation</h3><table class="result"><tr><th class="invisible"/></tr></table><p class="totop"><a href="#summary">back to summary</a></p>
<h3 id="m12">tests.magentoLoginPageTest#verifySignOutFeature</h3><table class="result"><tr><th class="invisible"/></tr></table><p class="totop"><a href="#summary">back to summary</a></p>
<h2>FirefoxTest</h2><h3 id="m13">tests.magentoLoginPageTest#verifyLoginSectionErrorValidation</h3><table class="result"><tr><th>Exception</th></tr><tr><td><div class="stacktrace">org.openqa.selenium.TimeoutException: Expected condition failed: waiting for visibility of element located by By.id: email-error (tried for 10 second(s) with 500 milliseconds interval)
	at org.openqa.selenium.support.ui.WebDriverWait.timeoutException(WebDriverWait.java:95)
	at org.openqa.selenium.support.ui.FluentWait.until(FluentWait.java:272)
	at pages.MagentoLoginPage.checkUsernameErrorContainerDisplayed(MagentoLoginPage.java:78)
	at tests.magentoLoginPageTest.verifyLoginSectionErrorValidation(magentoLoginPageTest.java:46)
	at java.base/java.util.ArrayList.forEach(ArrayList.java:1511)
Caused by: org.openqa.selenium.NoSuchElementException: Unable to locate element: #email\-error
For documentation on this error, please visit: https://www.seleniumhq.org/exceptions/no_such_element.html
Build info: version: &apos;3.141.59&apos;, revision: &apos;e82be7d358&apos;, time: &apos;2018-11-14T08:17:03&apos;
System info: host: &apos;MADMAX&apos;, ip: &apos;192.168.1.103&apos;, os.name: &apos;Windows 11&apos;, os.arch: &apos;amd64&apos;, os.version: &apos;10.0&apos;, java.version: &apos;19.0.2&apos;
Driver info: org.openqa.selenium.firefox.FirefoxDriver
Capabilities {acceptInsecureCerts: true, browserName: firefox, browserVersion: 85.0.2, javascriptEnabled: true, moz:accessibilityChecks: false, moz:buildID: 20210208133944, moz:geckodriverVersion: 0.29.0, moz:headless: false, moz:processID: 17996, moz:profile: C:\Users\saism\AppData\Loca..., moz:shutdownTimeout: 60000, moz:useNonSpecCompliantPointerOrigin: false, moz:webdriverClick: true, pageLoadStrategy: normal, platform: WINDOWS, platformName: WINDOWS, platformVersion: 10.0, rotatable: false, setWindowRect: true, strictFileInteractability: false, timeouts: {implicit: 0, pageLoad: 300000, script: 30000}, unhandledPromptBehavior: dismiss and notify}
Session ID: be88c633-4ec1-4598-a42f-1e98a73681ca
*** Element info: {Using=id, value=email-error}
	at org.openqa.selenium.remote.http.W3CHttpResponseCodec.createException(W3CHttpResponseCodec.java:187)
	at org.openqa.selenium.remote.http.W3CHttpResponseCodec.decode(W3CHttpResponseCodec.java:122)
	at org.openqa.selenium.remote.http.W3CHttpResponseCodec.decode(W3CHttpResponseCodec.java:49)
	at org.openqa.selenium.remote.HttpCommandExecutor.execute(HttpCommandExecutor.java:158)
	at org.openqa.selenium.remote.service.DriverCommandExecutor.execute(DriverCommandExecutor.java:83)
	at org.openqa.selenium.remote.RemoteWebDriver.execute(RemoteWebDriver.java:552)
	at org.openqa.selenium.remote.RemoteWebDriver.findElement(RemoteWebDriver.java:323)
	at org.openqa.selenium.remote.RemoteWebDriver.findElementById(RemoteWebDriver.java:372)
	at org.openqa.selenium.By$ById.findElement(By.java:188)
	at org.openqa.selenium.remote.RemoteWebDriver.findElement(RemoteWebDriver.java:315)
	at org.openqa.selenium.support.ui.ExpectedConditions$7.apply(ExpectedConditions.java:205)
	at org.openqa.selenium.support.ui.ExpectedConditions$7.apply(ExpectedConditions.java:201)
	at org.openqa.selenium.support.ui.FluentWait.until(FluentWait.java:249)
	... 32 more
... Removed 32 stack frames</div></td></tr></table><p class="totop"><a href="#summary">back to summary</a></p>
<h3 id="m14">tests.magentoCreateAccountPageTest#createAccountAndLogin</h3><table class="result"><tr><th class="invisible"/></tr></table><p class="totop"><a href="#summary">back to summary</a></p>
<h3 id="m15">tests.magentoLoginPageTest#navigateToLoginPage</h3><table class="result"><tr><th class="invisible"/></tr></table><p class="totop"><a href="#summary">back to summary</a></p>
<h3 id="m16">tests.magentoLoginPageTest#verifyForgotPasswordLinkDisplay</h3><table class="result"><tr><th class="invisible"/></tr></table><p class="totop"><a href="#summary">back to summary</a></p>
<h3 id="m17">tests.magentoLoginPageTest#verifyForgotPasswordLinkNavigation</h3><table class="result"><tr><th class="invisible"/></tr></table><p class="totop"><a href="#summary">back to summary</a></p>
<h3 id="m18">tests.magentoLoginPageTest#verifyForgotPasswordPageBrowserBackFunctionality</h3><table class="result"><tr><th class="invisible"/></tr></table><p class="totop"><a href="#summary">back to summary</a></p>
<h3 id="m19">tests.magentoLoginPageTest#verifyForgotPasswordPageElements</h3><table class="result"><tr><th class="invisible"/></tr></table><p class="totop"><a href="#summary">back to summary</a></p>
<h3 id="m20">tests.magentoLoginPageTest#verifyInvalidLoginCredentials</h3><table class="result"><tr class="param"><th>Parameter #1</th><th>Parameter #2</th></tr><tr class="param stripe"><td>magento1.user@gmail.com</td><td>testing123</td></tr></table><p class="totop"><a href="#summary">back to summary</a></p>
<h3 id="m21">tests.magentoLoginPageTest#verifyInvalidLoginCredentials</h3><table class="result"><tr class="param"><th>Parameter #1</th><th>Parameter #2</th></tr><tr class="param stripe"><td>testuser@yahoo.com</td><td>magento@123</td></tr></table><p class="totop"><a href="#summary">back to summary</a></p>
<h3 id="m22">tests.magentoLoginPageTest#verifyLogin</h3><table class="result"><tr class="param"><th>Parameter #1</th><th>Parameter #2</th></tr><tr class="param stripe"><td>magento.user@gmail.com</td><td>magento@123</td></tr></table><p class="totop"><a href="#summary">back to summary</a></p>
<h3 id="m23">tests.magentoLoginPageTest#verifyLoginPageUrlAndTitle</h3><table class="result"><tr><th class="invisible"/></tr></table><p class="totop"><a href="#summary">back to summary</a></p>
<h3 id="m24">tests.magentoLoginPageTest#verifyLoginSectionElements</h3><table class="result"><tr><th class="invisible"/></tr></table><p class="totop"><a href="#summary">back to summary</a></p>
<h3 id="m25">tests.magentoLoginPageTest#verifySignOutFeature</h3><table class="result"><tr><th class="invisible"/></tr></table><p class="totop"><a href="#summary">back to summary</a></p>
</body>
</html>
