<?xml version="1.0" encoding="UTF-8"?>
<testng-results ignored="0" total="26" passed="25" failed="1" skipped="0">
  <reporter-output>
  </reporter-output>
  <suite started-at="2023-08-23T14:26:49 PDT" name="BrowserTestSuite" finished-at="2023-08-23T14:29:06 PDT" duration-ms="136974">
    <groups>
    </groups>
    <test started-at="2023-08-23T14:26:49 PDT" name="ChromeTest" finished-at="2023-08-23T14:27:46 PDT" duration-ms="56868">
      <class name="tests.magentoLoginPageTest">
        <test-method is-config="true" signature="setUp(java.lang.String, org.testng.ITestContext)[pri:0, instance:tests.magentoLoginPageTest@69930714]" started-at="2023-08-23T14:26:49 PDT" name="setUp" finished-at="2023-08-23T14:27:07 PDT" duration-ms="18075" status="PASS">
          <params>
            <param index="0">
              <value>
                <![CDATA[chrome]]>
              </value>
            </param>
            <param index="1">
              <value>
                <![CDATA[org.testng.TestRunner@685e5967]]>
              </value>
            </param>
          </params>
          <reporter-output>
          </reporter-output>
        </test-method> <!-- setUp -->
        <test-method signature="navigateToLoginPage()[pri:0, instance:tests.magentoLoginPageTest@69930714]" started-at="2023-08-23T14:27:07 PDT" name="navigateToLoginPage" finished-at="2023-08-23T14:27:09 PDT" duration-ms="1540" status="PASS">
          <reporter-output>
          </reporter-output>
        </test-method> <!-- navigateToLoginPage -->
        <test-method signature="verifyLoginPageUrlAndTitle()[pri:1, instance:tests.magentoLoginPageTest@69930714]" started-at="2023-08-23T14:27:09 PDT" name="verifyLoginPageUrlAndTitle" finished-at="2023-08-23T14:27:09 PDT" duration-ms="238" status="PASS">
          <reporter-output>
          </reporter-output>
        </test-method> <!-- verifyLoginPageUrlAndTitle -->
        <test-method signature="verifyLoginSectionElements()[pri:2, instance:tests.magentoLoginPageTest@69930714]" started-at="2023-08-23T14:27:09 PDT" name="verifyLoginSectionElements" finished-at="2023-08-23T14:27:09 PDT" duration-ms="272" status="PASS">
          <reporter-output>
          </reporter-output>
        </test-method> <!-- verifyLoginSectionElements -->
        <test-method signature="verifyLoginSectionErrorValidation()[pri:3, instance:tests.magentoLoginPageTest@69930714]" started-at="2023-08-23T14:27:09 PDT" name="verifyLoginSectionErrorValidation" finished-at="2023-08-23T14:27:10 PDT" duration-ms="394" status="PASS">
          <reporter-output>
          </reporter-output>
        </test-method> <!-- verifyLoginSectionErrorValidation -->
        <test-method signature="verifyForgotPasswordLinkDisplay()[pri:4, instance:tests.magentoLoginPageTest@69930714]" started-at="2023-08-23T14:27:10 PDT" name="verifyForgotPasswordLinkDisplay" finished-at="2023-08-23T14:27:10 PDT" duration-ms="41" status="PASS">
          <reporter-output>
          </reporter-output>
        </test-method> <!-- verifyForgotPasswordLinkDisplay -->
        <test-method signature="verifyForgotPasswordLinkNavigation()[pri:5, instance:tests.magentoLoginPageTest@69930714]" started-at="2023-08-23T14:27:10 PDT" name="verifyForgotPasswordLinkNavigation" finished-at="2023-08-23T14:27:11 PDT" duration-ms="1051" status="PASS">
          <reporter-output>
          </reporter-output>
        </test-method> <!-- verifyForgotPasswordLinkNavigation -->
        <test-method signature="verifyForgotPasswordPageElements()[pri:6, instance:tests.magentoLoginPageTest@69930714]" started-at="2023-08-23T14:27:11 PDT" name="verifyForgotPasswordPageElements" finished-at="2023-08-23T14:27:11 PDT" duration-ms="307" status="PASS">
          <reporter-output>
          </reporter-output>
        </test-method> <!-- verifyForgotPasswordPageElements -->
        <test-method signature="verifyForgotPasswordPageBrowserBackFunctionality()[pri:7, instance:tests.magentoLoginPageTest@69930714]" started-at="2023-08-23T14:27:11 PDT" name="verifyForgotPasswordPageBrowserBackFunctionality" finished-at="2023-08-23T14:27:12 PDT" duration-ms="1307" status="PASS">
          <reporter-output>
          </reporter-output>
        </test-method> <!-- verifyForgotPasswordPageBrowserBackFunctionality -->
        <test-method signature="verifyInvalidLoginCredentials(java.lang.String, java.lang.String)[pri:8, instance:tests.magentoLoginPageTest@69930714]" started-at="2023-08-23T14:27:12 PDT" name="verifyInvalidLoginCredentials" data-provider="accounts" finished-at="2023-08-23T14:27:15 PDT" duration-ms="2753" status="PASS">
          <params>
            <param index="0">
              <value>
                <![CDATA[magento1.user@gmail.com]]>
              </value>
            </param>
            <param index="1">
              <value>
                <![CDATA[testing123]]>
              </value>
            </param>
          </params>
          <reporter-output>
          </reporter-output>
        </test-method> <!-- verifyInvalidLoginCredentials -->
        <test-method signature="verifyInvalidLoginCredentials(java.lang.String, java.lang.String)[pri:8, instance:tests.magentoLoginPageTest@69930714]" started-at="2023-08-23T14:27:15 PDT" name="verifyInvalidLoginCredentials" data-provider="accounts" finished-at="2023-08-23T14:27:18 PDT" duration-ms="2684" status="PASS">
          <params>
            <param index="0">
              <value>
                <![CDATA[testuser@yahoo.com]]>
              </value>
            </param>
            <param index="1">
              <value>
                <![CDATA[magento@123]]>
              </value>
            </param>
          </params>
          <reporter-output>
          </reporter-output>
        </test-method> <!-- verifyInvalidLoginCredentials -->
        <test-method signature="verifyLogin(java.lang.String, java.lang.String)[pri:9, instance:tests.magentoLoginPageTest@69930714]" started-at="2023-08-23T14:27:18 PDT" name="verifyLogin" finished-at="2023-08-23T14:27:20 PDT" duration-ms="1892" status="PASS">
          <params>
            <param index="0">
              <value>
                <![CDATA[magento.user@gmail.com]]>
              </value>
            </param>
            <param index="1">
              <value>
                <![CDATA[magento@123]]>
              </value>
            </param>
          </params>
          <reporter-output>
          </reporter-output>
        </test-method> <!-- verifyLogin -->
        <test-method signature="verifySignOutFeature()[pri:10, instance:tests.magentoLoginPageTest@69930714]" started-at="2023-08-23T14:27:20 PDT" name="verifySignOutFeature" finished-at="2023-08-23T14:27:22 PDT" duration-ms="2141" status="PASS">
          <reporter-output>
          </reporter-output>
        </test-method> <!-- verifySignOutFeature -->
        <test-method is-config="true" signature="tearDown()[pri:0, instance:tests.magentoLoginPageTest@69930714]" started-at="2023-08-23T14:27:22 PDT" name="tearDown" finished-at="2023-08-23T14:27:22 PDT" duration-ms="486" status="PASS">
          <reporter-output>
          </reporter-output>
        </test-method> <!-- tearDown -->
      </class> <!-- tests.magentoLoginPageTest -->
      <class name="tests.magentoCreateAccountPageTest">
        <test-method is-config="true" signature="setUp(java.lang.String, org.testng.ITestContext)[pri:0, instance:tests.magentoCreateAccountPageTest@7a52f2a2]" started-at="2023-08-23T14:27:22 PDT" name="setUp" finished-at="2023-08-23T14:27:34 PDT" duration-ms="11831" status="PASS">
          <params>
            <param index="0">
              <value>
                <![CDATA[chrome]]>
              </value>
            </param>
            <param index="1">
              <value>
                <![CDATA[org.testng.TestRunner@685e5967]]>
              </value>
            </param>
          </params>
          <reporter-output>
          </reporter-output>
        </test-method> <!-- setUp -->
        <test-method signature="createAccountAndLogin()[pri:0, instance:tests.magentoCreateAccountPageTest@7a52f2a2]" started-at="2023-08-23T14:27:34 PDT" name="createAccountAndLogin" finished-at="2023-08-23T14:27:46 PDT" duration-ms="11291" status="PASS">
          <reporter-output>
          </reporter-output>
        </test-method> <!-- createAccountAndLogin -->
        <test-method is-config="true" signature="tearDown()[pri:0, instance:tests.magentoCreateAccountPageTest@7a52f2a2]" started-at="2023-08-23T14:27:46 PDT" name="tearDown" finished-at="2023-08-23T14:27:46 PDT" duration-ms="461" status="PASS">
          <reporter-output>
          </reporter-output>
        </test-method> <!-- tearDown -->
      </class> <!-- tests.magentoCreateAccountPageTest -->
    </test> <!-- ChromeTest -->
    <test started-at="2023-08-23T14:27:46 PDT" name="FirefoxTest" finished-at="2023-08-23T14:29:06 PDT" duration-ms="80071">
      <class name="tests.magentoLoginPageTest">
        <test-method is-config="true" signature="setUp(java.lang.String, org.testng.ITestContext)[pri:0, instance:tests.magentoLoginPageTest@7d3a22a9]" started-at="2023-08-23T14:27:46 PDT" name="setUp" finished-at="2023-08-23T14:27:58 PDT" duration-ms="12075" status="PASS">
          <params>
            <param index="0">
              <value>
                <![CDATA[firefox]]>
              </value>
            </param>
            <param index="1">
              <value>
                <![CDATA[org.testng.TestRunner@106387cf]]>
              </value>
            </param>
          </params>
          <reporter-output>
          </reporter-output>
        </test-method> <!-- setUp -->
        <test-method signature="navigateToLoginPage()[pri:0, instance:tests.magentoLoginPageTest@7d3a22a9]" started-at="2023-08-23T14:27:58 PDT" name="navigateToLoginPage" finished-at="2023-08-23T14:28:00 PDT" duration-ms="1553" status="PASS">
          <reporter-output>
          </reporter-output>
        </test-method> <!-- navigateToLoginPage -->
        <test-method signature="verifyLoginPageUrlAndTitle()[pri:1, instance:tests.magentoLoginPageTest@7d3a22a9]" started-at="2023-08-23T14:28:00 PDT" name="verifyLoginPageUrlAndTitle" finished-at="2023-08-23T14:28:00 PDT" duration-ms="46" status="PASS">
          <reporter-output>
          </reporter-output>
        </test-method> <!-- verifyLoginPageUrlAndTitle -->
        <test-method signature="verifyLoginSectionElements()[pri:2, instance:tests.magentoLoginPageTest@7d3a22a9]" started-at="2023-08-23T14:28:00 PDT" name="verifyLoginSectionElements" finished-at="2023-08-23T14:28:00 PDT" duration-ms="480" status="PASS">
          <reporter-output>
          </reporter-output>
        </test-method> <!-- verifyLoginSectionElements -->
        <test-method signature="verifyLoginSectionErrorValidation()[pri:3, instance:tests.magentoLoginPageTest@7d3a22a9]" started-at="2023-08-23T14:28:00 PDT" name="verifyLoginSectionErrorValidation" finished-at="2023-08-23T14:28:12 PDT" duration-ms="12045" status="FAIL">
          <exception class="org.openqa.selenium.TimeoutException">
            <message>
              <![CDATA[Expected condition failed: waiting for visibility of element located by By.id: email-error (tried for 10 second(s) with 500 milliseconds interval)]]>
            </message>
            <full-stacktrace>
              <![CDATA[org.openqa.selenium.TimeoutException: Expected condition failed: waiting for visibility of element located by By.id: email-error (tried for 10 second(s) with 500 milliseconds interval)
at org.openqa.selenium.support.ui.WebDriverWait.timeoutException(WebDriverWait.java:95)
at org.openqa.selenium.support.ui.FluentWait.until(FluentWait.java:272)
at pages.MagentoLoginPage.checkUsernameErrorContainerDisplayed(MagentoLoginPage.java:78)
at tests.magentoLoginPageTest.verifyLoginSectionErrorValidation(magentoLoginPageTest.java:46)
at java.base/jdk.internal.reflect.DirectMethodHandleAccessor.invoke(DirectMethodHandleAccessor.java:104)
at java.base/java.lang.reflect.Method.invoke(Method.java:578)
at org.testng.internal.MethodInvocationHelper.invokeMethod(MethodInvocationHelper.java:134)
at org.testng.internal.TestInvoker.invokeMethod(TestInvoker.java:597)
at org.testng.internal.TestInvoker.invokeTestMethod(TestInvoker.java:173)
at org.testng.internal.MethodRunner.runInSequence(MethodRunner.java:46)
at org.testng.internal.TestInvoker$MethodInvocationAgent.invoke(TestInvoker.java:816)
at org.testng.internal.TestInvoker.invokeTestMethods(TestInvoker.java:146)
at org.testng.internal.TestMethodWorker.invokeTestMethods(TestMethodWorker.java:146)
at org.testng.internal.TestMethodWorker.run(TestMethodWorker.java:128)
at java.base/java.util.ArrayList.forEach(ArrayList.java:1511)
at org.testng.TestRunner.privateRun(TestRunner.java:766)
at org.testng.TestRunner.run(TestRunner.java:587)
at org.testng.SuiteRunner.runTest(SuiteRunner.java:384)
at org.testng.SuiteRunner.runSequentially(SuiteRunner.java:378)
at org.testng.SuiteRunner.privateRun(SuiteRunner.java:337)
at org.testng.SuiteRunner.run(SuiteRunner.java:286)
at org.testng.SuiteRunnerWorker.runSuite(SuiteRunnerWorker.java:53)
at org.testng.SuiteRunnerWorker.run(SuiteRunnerWorker.java:96)
at org.testng.TestNG.runSuitesSequentially(TestNG.java:1187)
at org.testng.TestNG.runSuitesLocally(TestNG.java:1109)
at org.testng.TestNG.runSuites(TestNG.java:1039)
at org.testng.TestNG.run(TestNG.java:1007)
at org.apache.maven.surefire.testng.TestNGExecutor.run(TestNGExecutor.java:283)
at org.apache.maven.surefire.testng.TestNGXmlTestSuite.execute(TestNGXmlTestSuite.java:75)
at org.apache.maven.surefire.testng.TestNGProvider.invoke(TestNGProvider.java:120)
at org.apache.maven.surefire.booter.ForkedBooter.invokeProviderInSameClassLoader(ForkedBooter.java:384)
at org.apache.maven.surefire.booter.ForkedBooter.runSuitesInProcess(ForkedBooter.java:345)
at org.apache.maven.surefire.booter.ForkedBooter.execute(ForkedBooter.java:126)
at org.apache.maven.surefire.booter.ForkedBooter.main(ForkedBooter.java:418)
Caused by: org.openqa.selenium.NoSuchElementException: Unable to locate element: #email\-error
For documentation on this error, please visit: https://www.seleniumhq.org/exceptions/no_such_element.html
Build info: version: '3.141.59', revision: 'e82be7d358', time: '2018-11-14T08:17:03'
System info: host: 'MADMAX', ip: '192.168.1.103', os.name: 'Windows 11', os.arch: 'amd64', os.version: '10.0', java.version: '19.0.2'
Driver info: org.openqa.selenium.firefox.FirefoxDriver
Capabilities {acceptInsecureCerts: true, browserName: firefox, browserVersion: 85.0.2, javascriptEnabled: true, moz:accessibilityChecks: false, moz:buildID: 20210208133944, moz:geckodriverVersion: 0.29.0, moz:headless: false, moz:processID: 17996, moz:profile: C:\Users\saism\AppData\Loca..., moz:shutdownTimeout: 60000, moz:useNonSpecCompliantPointerOrigin: false, moz:webdriverClick: true, pageLoadStrategy: normal, platform: WINDOWS, platformName: WINDOWS, platformVersion: 10.0, rotatable: false, setWindowRect: true, strictFileInteractability: false, timeouts: {implicit: 0, pageLoad: 300000, script: 30000}, unhandledPromptBehavior: dismiss and notify}
Session ID: be88c633-4ec1-4598-a42f-1e98a73681ca
*** Element info: {Using=id, value=email-error}
at java.base/jdk.internal.reflect.DirectConstructorHandleAccessor.newInstance(DirectConstructorHandleAccessor.java:67)
at java.base/java.lang.reflect.Constructor.newInstanceWithCaller(Constructor.java:500)
at java.base/java.lang.reflect.Constructor.newInstance(Constructor.java:484)
at org.openqa.selenium.remote.http.W3CHttpResponseCodec.createException(W3CHttpResponseCodec.java:187)
at org.openqa.selenium.remote.http.W3CHttpResponseCodec.decode(W3CHttpResponseCodec.java:122)
at org.openqa.selenium.remote.http.W3CHttpResponseCodec.decode(W3CHttpResponseCodec.java:49)
at org.openqa.selenium.remote.HttpCommandExecutor.execute(HttpCommandExecutor.java:158)
at org.openqa.selenium.remote.service.DriverCommandExecutor.execute(DriverCommandExecutor.java:83)
at org.openqa.selenium.remote.RemoteWebDriver.execute(RemoteWebDriver.java:552)
at org.openqa.selenium.remote.RemoteWebDriver.findElement(RemoteWebDriver.java:323)
at org.openqa.selenium.remote.RemoteWebDriver.findElementById(RemoteWebDriver.java:372)
at org.openqa.selenium.By$ById.findElement(By.java:188)
at org.openqa.selenium.remote.RemoteWebDriver.findElement(RemoteWebDriver.java:315)
at org.openqa.selenium.support.ui.ExpectedConditions$7.apply(ExpectedConditions.java:205)
at org.openqa.selenium.support.ui.ExpectedConditions$7.apply(ExpectedConditions.java:201)
at org.openqa.selenium.support.ui.FluentWait.until(FluentWait.java:249)
... 32 more
]]>
            </full-stacktrace>
          </exception> <!-- org.openqa.selenium.TimeoutException -->
          <reporter-output>
          </reporter-output>
        </test-method> <!-- verifyLoginSectionErrorValidation -->
        <test-method signature="verifyForgotPasswordLinkDisplay()[pri:4, instance:tests.magentoLoginPageTest@7d3a22a9]" started-at="2023-08-23T14:28:12 PDT" name="verifyForgotPasswordLinkDisplay" finished-at="2023-08-23T14:28:12 PDT" duration-ms="46" status="PASS">
          <reporter-output>
          </reporter-output>
        </test-method> <!-- verifyForgotPasswordLinkDisplay -->
        <test-method signature="verifyForgotPasswordLinkNavigation()[pri:5, instance:tests.magentoLoginPageTest@7d3a22a9]" started-at="2023-08-23T14:28:12 PDT" name="verifyForgotPasswordLinkNavigation" finished-at="2023-08-23T14:28:13 PDT" duration-ms="938" status="PASS">
          <reporter-output>
          </reporter-output>
        </test-method> <!-- verifyForgotPasswordLinkNavigation -->
        <test-method signature="verifyForgotPasswordPageElements()[pri:6, instance:tests.magentoLoginPageTest@7d3a22a9]" started-at="2023-08-23T14:28:13 PDT" name="verifyForgotPasswordPageElements" finished-at="2023-08-23T14:28:14 PDT" duration-ms="492" status="PASS">
          <reporter-output>
          </reporter-output>
        </test-method> <!-- verifyForgotPasswordPageElements -->
        <test-method signature="verifyForgotPasswordPageBrowserBackFunctionality()[pri:7, instance:tests.magentoLoginPageTest@7d3a22a9]" started-at="2023-08-23T14:28:14 PDT" name="verifyForgotPasswordPageBrowserBackFunctionality" finished-at="2023-08-23T14:28:15 PDT" duration-ms="947" status="PASS">
          <reporter-output>
          </reporter-output>
        </test-method> <!-- verifyForgotPasswordPageBrowserBackFunctionality -->
        <test-method signature="verifyInvalidLoginCredentials(java.lang.String, java.lang.String)[pri:8, instance:tests.magentoLoginPageTest@7d3a22a9]" started-at="2023-08-23T14:28:15 PDT" name="verifyInvalidLoginCredentials" data-provider="accounts" finished-at="2023-08-23T14:28:18 PDT" duration-ms="3126" status="PASS">
          <params>
            <param index="0">
              <value>
                <![CDATA[magento1.user@gmail.com]]>
              </value>
            </param>
            <param index="1">
              <value>
                <![CDATA[testing123]]>
              </value>
            </param>
          </params>
          <reporter-output>
          </reporter-output>
        </test-method> <!-- verifyInvalidLoginCredentials -->
        <test-method signature="verifyInvalidLoginCredentials(java.lang.String, java.lang.String)[pri:8, instance:tests.magentoLoginPageTest@7d3a22a9]" started-at="2023-08-23T14:28:18 PDT" name="verifyInvalidLoginCredentials" data-provider="accounts" finished-at="2023-08-23T14:28:21 PDT" duration-ms="2764" status="PASS">
          <params>
            <param index="0">
              <value>
                <![CDATA[testuser@yahoo.com]]>
              </value>
            </param>
            <param index="1">
              <value>
                <![CDATA[magento@123]]>
              </value>
            </param>
          </params>
          <reporter-output>
          </reporter-output>
        </test-method> <!-- verifyInvalidLoginCredentials -->
        <test-method signature="verifyLogin(java.lang.String, java.lang.String)[pri:9, instance:tests.magentoLoginPageTest@7d3a22a9]" started-at="2023-08-23T14:28:21 PDT" name="verifyLogin" finished-at="2023-08-23T14:28:22 PDT" duration-ms="1504" status="PASS">
          <params>
            <param index="0">
              <value>
                <![CDATA[magento.user@gmail.com]]>
              </value>
            </param>
            <param index="1">
              <value>
                <![CDATA[magento@123]]>
              </value>
            </param>
          </params>
          <reporter-output>
          </reporter-output>
        </test-method> <!-- verifyLogin -->
        <test-method signature="verifySignOutFeature()[pri:10, instance:tests.magentoLoginPageTest@7d3a22a9]" started-at="2023-08-23T14:28:22 PDT" name="verifySignOutFeature" finished-at="2023-08-23T14:28:30 PDT" duration-ms="8036" status="PASS">
          <reporter-output>
          </reporter-output>
        </test-method> <!-- verifySignOutFeature -->
        <test-method is-config="true" signature="tearDown()[pri:0, instance:tests.magentoLoginPageTest@7d3a22a9]" started-at="2023-08-23T14:28:30 PDT" name="tearDown" finished-at="2023-08-23T14:28:33 PDT" duration-ms="2446" status="PASS">
          <reporter-output>
          </reporter-output>
        </test-method> <!-- tearDown -->
      </class> <!-- tests.magentoLoginPageTest -->
      <class name="tests.magentoCreateAccountPageTest">
        <test-method is-config="true" signature="setUp(java.lang.String, org.testng.ITestContext)[pri:0, instance:tests.magentoCreateAccountPageTest@1d082e88]" started-at="2023-08-23T14:28:33 PDT" name="setUp" finished-at="2023-08-23T14:28:47 PDT" duration-ms="14208" status="PASS">
          <params>
            <param index="0">
              <value>
                <![CDATA[firefox]]>
              </value>
            </param>
            <param index="1">
              <value>
                <![CDATA[org.testng.TestRunner@106387cf]]>
              </value>
            </param>
          </params>
          <reporter-output>
          </reporter-output>
        </test-method> <!-- setUp -->
        <test-method signature="createAccountAndLogin()[pri:0, instance:tests.magentoCreateAccountPageTest@1d082e88]" started-at="2023-08-23T14:28:47 PDT" name="createAccountAndLogin" finished-at="2023-08-23T14:29:04 PDT" duration-ms="17022" status="PASS">
          <reporter-output>
          </reporter-output>
        </test-method> <!-- createAccountAndLogin -->
        <test-method is-config="true" signature="tearDown()[pri:0, instance:tests.magentoCreateAccountPageTest@1d082e88]" started-at="2023-08-23T14:29:04 PDT" name="tearDown" finished-at="2023-08-23T14:29:06 PDT" duration-ms="2130" status="PASS">
          <reporter-output>
          </reporter-output>
        </test-method> <!-- tearDown -->
      </class> <!-- tests.magentoCreateAccountPageTest -->
    </test> <!-- FirefoxTest -->
  </suite> <!-- BrowserTestSuite -->
</testng-results>
