<html>
<head>
<title>TestNG:  FirefoxTest</title>
<link href="../testng.css" rel="stylesheet" type="text/css" />
<link href="../my-testng.css" rel="stylesheet" type="text/css" />

<style type="text/css">
.log { display: none;} 
.stack-trace { display: none;} 
</style>
<script type="text/javascript">
<!--
function flip(e) {
  current = e.style.display;
  if (current == 'block') {
    e.style.display = 'none';
    return 0;
  }
  else {
    e.style.display = 'block';
    return 1;
  }
}

function toggleBox(szDivId, elem, msg1, msg2)
{
  var res = -1;  if (document.getElementById) {
    res = flip(document.getElementById(szDivId));
  }
  else if (document.all) {
    // this is the way old msie versions work
    res = flip(document.all[szDivId]);
  }
  if(elem) {
    if(res == 0) elem.innerHTML = msg1; else elem.innerHTML = msg2;
  }

}

function toggleAllBoxes() {
  if (document.getElementsByTagName) {
    d = document.getElementsByTagName('div');
    for (i = 0; i < d.length; i++) {
      if (d[i].className == 'log') {
        flip(d[i]);
      }
    }
  }
}

// -->
</script>

</head>
<body>
<h2 align='center'>FirefoxTest</h2><table border='1' align="center">
<tr>
<td>Tests passed/Failed/Skipped:</td><td>12/1/0</td>
</tr><tr>
<td>Started on:</td><td>Wed Aug 23 14:27:46 PDT 2023</td>
</tr>
<tr><td>Total time:</td><td>80 seconds (80071 ms)</td>
</tr><tr>
<td>Included groups:</td><td></td>
</tr><tr>
<td>Excluded groups:</td><td></td>
</tr>
</table><p/>
<small><i>(Hover the method name to see the test class name)</i></small><p/>
<table width='100%' border='1' class='invocation-failed'>
<tr><td colspan='4' align='center'><b>FAILED TESTS</b></td></tr>
<tr><td><b>Test method</b></td>
<td width="30%"><b>Exception</b></td>
<td width="10%"><b>Time (seconds)</b></td>
<td><b>Instance</b></td>
</tr>
<tr>
<td title='tests.magentoLoginPageTest.verifyLoginSectionErrorValidation()'><b>verifyLoginSectionErrorValidation</b><br>Test class: tests.magentoLoginPageTest</td>
<td><div><pre>org.openqa.selenium.TimeoutException: Expected condition failed: waiting for visibility of element located by By.id: email-error (tried for 10 second(s) with 500 milliseconds interval)
	at org.openqa.selenium.support.ui.WebDriverWait.timeoutException(WebDriverWait.java:95)
	at org.openqa.selenium.support.ui.FluentWait.until(FluentWait.java:272)
	at pages.MagentoLoginPage.checkUsernameErrorContainerDisplayed(MagentoLoginPage.java:78)
	at tests.magentoLoginPageTest.verifyLoginSectionErrorValidation(magentoLoginPageTest.java:46)
	at java.base/java.util.ArrayList.forEach(ArrayList.java:1511)
Caused by: org.openqa.selenium.NoSuchElementException: Unable to locate element: #email\-error
For documentation on this error, please visit: https://www.seleniumhq.org/exceptions/no_such_element.html
Build info: version: &apos;3.141.59&apos;, revision: &apos;e82be7d358&apos;, time: &apos;2018-11-14T08:17:03&apos;
System info: host: &apos;MADMAX&apos;, ip: &apos;192.168.1.103&apos;, os.name: &apos;Windows 11&apos;, os.arch: &apos;amd64&apos;, os.version: &apos;10.0&apos;, java.version: &apos;19.0.2&apos;
Driver info: org.openqa.selenium.firefox.FirefoxDriver
Capabilities {acceptInsecureCerts: true, browserName: firefox, browserVersion: 85.0.2, javascriptEnabled: true, moz:accessibilityChecks: false, moz:buildID: 20210208133944, moz:geckodriverVersion: 0.29.0, moz:headless: false, moz:processID: 17996, moz:profile: C:\Users\saism\AppData\Loca..., moz:shutdownTimeout: 60000, moz:useNonSpecCompliantPointerOrigin: false, moz:webdriverClick: true, pageLoadStrategy: normal, platform: WINDOWS, platformName: WINDOWS, platformVersion: 10.0, rotatable: false, setWindowRect: true, strictFileInteractability: false, timeouts: {implicit: 0, pageLoad: 300000, script: 30000}, unhandledPromptBehavior: dismiss and notify}
Session ID: be88c633-4ec1-4598-a42f-1e98a73681ca
*** Element info: {Using=id, value=email-error}
	at org.openqa.selenium.remote.http.W3CHttpResponseCodec.createException(W3CHttpResponseCodec.java:187)
	at org.openqa.selenium.remote.http.W3CHttpResponseCodec.decode(W3CHttpResponseCodec.java:122)
	at org.openqa.selenium.remote.http.W3CHttpResponseCodec.decode(W3CHttpResponseCodec.java:49)
	at org.openqa.selenium.remote.HttpCommandExecutor.execute(HttpCommandExecutor.java:158)
	at org.openqa.selenium.remote.service.DriverCommandExecutor.execute(DriverCommandExecutor.java:83)
	at org.openqa.selenium.remote.RemoteWebDriver.execute(RemoteWebDriver.java:552)
	at org.openqa.selenium.remote.RemoteWebDriver.findElement(RemoteWebDriver.java:323)
	at org.openqa.selenium.remote.RemoteWebDriver.findElementById(RemoteWebDriver.java:372)
	at org.openqa.selenium.By$ById.findElement(By.java:188)
	at org.openqa.selenium.remote.RemoteWebDriver.findElement(RemoteWebDriver.java:315)
	at org.openqa.selenium.support.ui.ExpectedConditions$7.apply(ExpectedConditions.java:205)
	at org.openqa.selenium.support.ui.ExpectedConditions$7.apply(ExpectedConditions.java:201)
	at org.openqa.selenium.support.ui.FluentWait.until(FluentWait.java:249)
	... 32 more
... Removed 32 stack frames</pre></div><a href='#' onClick='toggleBox("stack-trace86339516", this, "Click to show all stack frames", "Click to hide stack frames")'>Click to show all stack frames</a>
<div class='stack-trace' id='stack-trace86339516'><pre>org.openqa.selenium.TimeoutException: Expected condition failed: waiting for visibility of element located by By.id: email-error (tried for 10 second(s) with 500 milliseconds interval)
	at org.openqa.selenium.support.ui.WebDriverWait.timeoutException(WebDriverWait.java:95)
	at org.openqa.selenium.support.ui.FluentWait.until(FluentWait.java:272)
	at pages.MagentoLoginPage.checkUsernameErrorContainerDisplayed(MagentoLoginPage.java:78)
	at tests.magentoLoginPageTest.verifyLoginSectionErrorValidation(magentoLoginPageTest.java:46)
	at java.base/jdk.internal.reflect.DirectMethodHandleAccessor.invoke(DirectMethodHandleAccessor.java:104)
	at java.base/java.lang.reflect.Method.invoke(Method.java:578)
	at org.testng.internal.MethodInvocationHelper.invokeMethod(MethodInvocationHelper.java:134)
	at org.testng.internal.TestInvoker.invokeMethod(TestInvoker.java:597)
	at org.testng.internal.TestInvoker.invokeTestMethod(TestInvoker.java:173)
	at org.testng.internal.MethodRunner.runInSequence(MethodRunner.java:46)
	at org.testng.internal.TestInvoker$MethodInvocationAgent.invoke(TestInvoker.java:816)
	at org.testng.internal.TestInvoker.invokeTestMethods(TestInvoker.java:146)
	at org.testng.internal.TestMethodWorker.invokeTestMethods(TestMethodWorker.java:146)
	at org.testng.internal.TestMethodWorker.run(TestMethodWorker.java:128)
	at java.base/java.util.ArrayList.forEach(ArrayList.java:1511)
	at org.testng.TestRunner.privateRun(TestRunner.java:766)
	at org.testng.TestRunner.run(TestRunner.java:587)
	at org.testng.SuiteRunner.runTest(SuiteRunner.java:384)
	at org.testng.SuiteRunner.runSequentially(SuiteRunner.java:378)
	at org.testng.SuiteRunner.privateRun(SuiteRunner.java:337)
	at org.testng.SuiteRunner.run(SuiteRunner.java:286)
	at org.testng.SuiteRunnerWorker.runSuite(SuiteRunnerWorker.java:53)
	at org.testng.SuiteRunnerWorker.run(SuiteRunnerWorker.java:96)
	at org.testng.TestNG.runSuitesSequentially(TestNG.java:1187)
	at org.testng.TestNG.runSuitesLocally(TestNG.java:1109)
	at org.testng.TestNG.runSuites(TestNG.java:1039)
	at org.testng.TestNG.run(TestNG.java:1007)
	at org.apache.maven.surefire.testng.TestNGExecutor.run(TestNGExecutor.java:283)
	at org.apache.maven.surefire.testng.TestNGXmlTestSuite.execute(TestNGXmlTestSuite.java:75)
	at org.apache.maven.surefire.testng.TestNGProvider.invoke(TestNGProvider.java:120)
	at org.apache.maven.surefire.booter.ForkedBooter.invokeProviderInSameClassLoader(ForkedBooter.java:384)
	at org.apache.maven.surefire.booter.ForkedBooter.runSuitesInProcess(ForkedBooter.java:345)
	at org.apache.maven.surefire.booter.ForkedBooter.execute(ForkedBooter.java:126)
	at org.apache.maven.surefire.booter.ForkedBooter.main(ForkedBooter.java:418)
Caused by: org.openqa.selenium.NoSuchElementException: Unable to locate element: #email\-error
For documentation on this error, please visit: https://www.seleniumhq.org/exceptions/no_such_element.html
Build info: version: &apos;3.141.59&apos;, revision: &apos;e82be7d358&apos;, time: &apos;2018-11-14T08:17:03&apos;
System info: host: &apos;MADMAX&apos;, ip: &apos;192.168.1.103&apos;, os.name: &apos;Windows 11&apos;, os.arch: &apos;amd64&apos;, os.version: &apos;10.0&apos;, java.version: &apos;19.0.2&apos;
Driver info: org.openqa.selenium.firefox.FirefoxDriver
Capabilities {acceptInsecureCerts: true, browserName: firefox, browserVersion: 85.0.2, javascriptEnabled: true, moz:accessibilityChecks: false, moz:buildID: 20210208133944, moz:geckodriverVersion: 0.29.0, moz:headless: false, moz:processID: 17996, moz:profile: C:\Users\saism\AppData\Loca..., moz:shutdownTimeout: 60000, moz:useNonSpecCompliantPointerOrigin: false, moz:webdriverClick: true, pageLoadStrategy: normal, platform: WINDOWS, platformName: WINDOWS, platformVersion: 10.0, rotatable: false, setWindowRect: true, strictFileInteractability: false, timeouts: {implicit: 0, pageLoad: 300000, script: 30000}, unhandledPromptBehavior: dismiss and notify}
Session ID: be88c633-4ec1-4598-a42f-1e98a73681ca
*** Element info: {Using=id, value=email-error}
	at java.base/jdk.internal.reflect.DirectConstructorHandleAccessor.newInstance(DirectConstructorHandleAccessor.java:67)
	at java.base/java.lang.reflect.Constructor.newInstanceWithCaller(Constructor.java:500)
	at java.base/java.lang.reflect.Constructor.newInstance(Constructor.java:484)
	at org.openqa.selenium.remote.http.W3CHttpResponseCodec.createException(W3CHttpResponseCodec.java:187)
	at org.openqa.selenium.remote.http.W3CHttpResponseCodec.decode(W3CHttpResponseCodec.java:122)
	at org.openqa.selenium.remote.http.W3CHttpResponseCodec.decode(W3CHttpResponseCodec.java:49)
	at org.openqa.selenium.remote.HttpCommandExecutor.execute(HttpCommandExecutor.java:158)
	at org.openqa.selenium.remote.service.DriverCommandExecutor.execute(DriverCommandExecutor.java:83)
	at org.openqa.selenium.remote.RemoteWebDriver.execute(RemoteWebDriver.java:552)
	at org.openqa.selenium.remote.RemoteWebDriver.findElement(RemoteWebDriver.java:323)
	at org.openqa.selenium.remote.RemoteWebDriver.findElementById(RemoteWebDriver.java:372)
	at org.openqa.selenium.By$ById.findElement(By.java:188)
	at org.openqa.selenium.remote.RemoteWebDriver.findElement(RemoteWebDriver.java:315)
	at org.openqa.selenium.support.ui.ExpectedConditions$7.apply(ExpectedConditions.java:205)
	at org.openqa.selenium.support.ui.ExpectedConditions$7.apply(ExpectedConditions.java:201)
	at org.openqa.selenium.support.ui.FluentWait.until(FluentWait.java:249)
	... 32 more
</pre></div></td>
<td>12</td>
<td>tests.magentoLoginPageTest@7d3a22a9</td></tr>
</table><p>
<table width='100%' border='1' class='invocation-passed'>
<tr><td colspan='4' align='center'><b>PASSED TESTS</b></td></tr>
<tr><td><b>Test method</b></td>
<td width="30%"><b>Exception</b></td>
<td width="10%"><b>Time (seconds)</b></td>
<td><b>Instance</b></td>
</tr>
<tr>
<td title='tests.magentoCreateAccountPageTest.createAccountAndLogin()'><b>createAccountAndLogin</b><br>Test class: tests.magentoCreateAccountPageTest</td>
<td></td>
<td>11</td>
<td>tests.magentoCreateAccountPageTest@7a52f2a2</td></tr>
<tr>
<td title='tests.magentoCreateAccountPageTest.createAccountAndLogin()'><b>createAccountAndLogin</b><br>Test class: tests.magentoCreateAccountPageTest</td>
<td></td>
<td>17</td>
<td>tests.magentoCreateAccountPageTest@1d082e88</td></tr>
<tr>
<td title='tests.magentoLoginPageTest.navigateToLoginPage()'><b>navigateToLoginPage</b><br>Test class: tests.magentoLoginPageTest</td>
<td></td>
<td>1</td>
<td>tests.magentoLoginPageTest@69930714</td></tr>
<tr>
<td title='tests.magentoLoginPageTest.navigateToLoginPage()'><b>navigateToLoginPage</b><br>Test class: tests.magentoLoginPageTest</td>
<td></td>
<td>1</td>
<td>tests.magentoLoginPageTest@7d3a22a9</td></tr>
<tr>
<td title='tests.magentoLoginPageTest.verifyForgotPasswordLinkDisplay()'><b>verifyForgotPasswordLinkDisplay</b><br>Test class: tests.magentoLoginPageTest</td>
<td></td>
<td>0</td>
<td>tests.magentoLoginPageTest@69930714</td></tr>
<tr>
<td title='tests.magentoLoginPageTest.verifyForgotPasswordLinkDisplay()'><b>verifyForgotPasswordLinkDisplay</b><br>Test class: tests.magentoLoginPageTest</td>
<td></td>
<td>0</td>
<td>tests.magentoLoginPageTest@7d3a22a9</td></tr>
<tr>
<td title='tests.magentoLoginPageTest.verifyForgotPasswordLinkNavigation()'><b>verifyForgotPasswordLinkNavigation</b><br>Test class: tests.magentoLoginPageTest</td>
<td></td>
<td>1</td>
<td>tests.magentoLoginPageTest@69930714</td></tr>
<tr>
<td title='tests.magentoLoginPageTest.verifyForgotPasswordLinkNavigation()'><b>verifyForgotPasswordLinkNavigation</b><br>Test class: tests.magentoLoginPageTest</td>
<td></td>
<td>0</td>
<td>tests.magentoLoginPageTest@7d3a22a9</td></tr>
<tr>
<td title='tests.magentoLoginPageTest.verifyForgotPasswordPageBrowserBackFunctionality()'><b>verifyForgotPasswordPageBrowserBackFunctionality</b><br>Test class: tests.magentoLoginPageTest</td>
<td></td>
<td>1</td>
<td>tests.magentoLoginPageTest@69930714</td></tr>
<tr>
<td title='tests.magentoLoginPageTest.verifyForgotPasswordPageBrowserBackFunctionality()'><b>verifyForgotPasswordPageBrowserBackFunctionality</b><br>Test class: tests.magentoLoginPageTest</td>
<td></td>
<td>0</td>
<td>tests.magentoLoginPageTest@7d3a22a9</td></tr>
<tr>
<td title='tests.magentoLoginPageTest.verifyForgotPasswordPageElements()'><b>verifyForgotPasswordPageElements</b><br>Test class: tests.magentoLoginPageTest</td>
<td></td>
<td>0</td>
<td>tests.magentoLoginPageTest@69930714</td></tr>
<tr>
<td title='tests.magentoLoginPageTest.verifyForgotPasswordPageElements()'><b>verifyForgotPasswordPageElements</b><br>Test class: tests.magentoLoginPageTest</td>
<td></td>
<td>0</td>
<td>tests.magentoLoginPageTest@7d3a22a9</td></tr>
<tr>
<td title='tests.magentoLoginPageTest.verifyInvalidLoginCredentials()'><b>verifyInvalidLoginCredentials</b><br>Test class: tests.magentoLoginPageTest<br>Parameters: magento1.user@gmail.com, testing123</td>
<td></td>
<td>2</td>
<td>tests.magentoLoginPageTest@69930714</td></tr>
<tr>
<td title='tests.magentoLoginPageTest.verifyInvalidLoginCredentials()'><b>verifyInvalidLoginCredentials</b><br>Test class: tests.magentoLoginPageTest<br>Parameters: testuser@yahoo.com, magento@123</td>
<td></td>
<td>2</td>
<td>tests.magentoLoginPageTest@69930714</td></tr>
<tr>
<td title='tests.magentoLoginPageTest.verifyInvalidLoginCredentials()'><b>verifyInvalidLoginCredentials</b><br>Test class: tests.magentoLoginPageTest<br>Parameters: magento1.user@gmail.com, testing123</td>
<td></td>
<td>3</td>
<td>tests.magentoLoginPageTest@7d3a22a9</td></tr>
<tr>
<td title='tests.magentoLoginPageTest.verifyInvalidLoginCredentials()'><b>verifyInvalidLoginCredentials</b><br>Test class: tests.magentoLoginPageTest<br>Parameters: testuser@yahoo.com, magento@123</td>
<td></td>
<td>2</td>
<td>tests.magentoLoginPageTest@7d3a22a9</td></tr>
<tr>
<td title='tests.magentoLoginPageTest.verifyLogin()'><b>verifyLogin</b><br>Test class: tests.magentoLoginPageTest<br>Parameters: magento.user@gmail.com, magento@123</td>
<td></td>
<td>1</td>
<td>tests.magentoLoginPageTest@69930714</td></tr>
<tr>
<td title='tests.magentoLoginPageTest.verifyLogin()'><b>verifyLogin</b><br>Test class: tests.magentoLoginPageTest<br>Parameters: magento.user@gmail.com, magento@123</td>
<td></td>
<td>1</td>
<td>tests.magentoLoginPageTest@7d3a22a9</td></tr>
<tr>
<td title='tests.magentoLoginPageTest.verifyLoginPageUrlAndTitle()'><b>verifyLoginPageUrlAndTitle</b><br>Test class: tests.magentoLoginPageTest</td>
<td></td>
<td>0</td>
<td>tests.magentoLoginPageTest@69930714</td></tr>
<tr>
<td title='tests.magentoLoginPageTest.verifyLoginPageUrlAndTitle()'><b>verifyLoginPageUrlAndTitle</b><br>Test class: tests.magentoLoginPageTest</td>
<td></td>
<td>0</td>
<td>tests.magentoLoginPageTest@7d3a22a9</td></tr>
<tr>
<td title='tests.magentoLoginPageTest.verifyLoginSectionElements()'><b>verifyLoginSectionElements</b><br>Test class: tests.magentoLoginPageTest</td>
<td></td>
<td>0</td>
<td>tests.magentoLoginPageTest@69930714</td></tr>
<tr>
<td title='tests.magentoLoginPageTest.verifyLoginSectionElements()'><b>verifyLoginSectionElements</b><br>Test class: tests.magentoLoginPageTest</td>
<td></td>
<td>0</td>
<td>tests.magentoLoginPageTest@7d3a22a9</td></tr>
<tr>
<td title='tests.magentoLoginPageTest.verifyLoginSectionErrorValidation()'><b>verifyLoginSectionErrorValidation</b><br>Test class: tests.magentoLoginPageTest</td>
<td></td>
<td>0</td>
<td>tests.magentoLoginPageTest@69930714</td></tr>
<tr>
<td title='tests.magentoLoginPageTest.verifySignOutFeature()'><b>verifySignOutFeature</b><br>Test class: tests.magentoLoginPageTest</td>
<td></td>
<td>2</td>
<td>tests.magentoLoginPageTest@69930714</td></tr>
<tr>
<td title='tests.magentoLoginPageTest.verifySignOutFeature()'><b>verifySignOutFeature</b><br>Test class: tests.magentoLoginPageTest</td>
<td></td>
<td>8</td>
<td>tests.magentoLoginPageTest@7d3a22a9</td></tr>
</table><p>
</body>
</html>