<?xml version="1.0" encoding="UTF-8"?>
<!-- Generated by org.testng.reporters.JUnitXMLReporter -->
<testsuite ignored="0" hostname="madmax" failures="1" tests="13" name="FirefoxTest" time="80.071" errors="0" timestamp="2023-08-23T14:29:06 PDT">
  <testcase classname="tests.magentoLoginPageTest" name="navigateToLoginPage" time="1.553"/>
  <testcase classname="tests.magentoLoginPageTest" name="verifyLoginPageUrlAndTitle" time="0.046"/>
  <testcase classname="tests.magentoLoginPageTest" name="verifyLoginSectionElements" time="0.48"/>
  <testcase classname="tests.magentoLoginPageTest" name="verifyLoginSectionErrorValidation" time="12.045">
    <failure type="org.openqa.selenium.TimeoutException" message="Expected condition failed: waiting for visibility of element located by By.id: email-error (tried for 10 second(s) with 500 milliseconds interval)">
      <![CDATA[org.openqa.selenium.TimeoutException: Expected condition failed: waiting for visibility of element located by By.id: email-error (tried for 10 second(s) with 500 milliseconds interval)
at org.openqa.selenium.support.ui.WebDriverWait.timeoutException(WebDriverWait.java:95)
at org.openqa.selenium.support.ui.FluentWait.until(FluentWait.java:272)
at pages.MagentoLoginPage.checkUsernameErrorContainerDisplayed(MagentoLoginPage.java:78)
at tests.magentoLoginPageTest.verifyLoginSectionErrorValidation(magentoLoginPageTest.java:46)
at java.base/java.util.ArrayList.forEach(ArrayList.java:1511)
Caused by: org.openqa.selenium.NoSuchElementException: Unable to locate element: #email\-error
For documentation on this error, please visit: https://www.seleniumhq.org/exceptions/no_such_element.html
Build info: version: '3.141.59', revision: 'e82be7d358', time: '2018-11-14T08:17:03'
System info: host: 'MADMAX', ip: '192.168.1.103', os.name: 'Windows 11', os.arch: 'amd64', os.version: '10.0', java.version: '19.0.2'
Driver info: org.openqa.selenium.firefox.FirefoxDriver
Capabilities {acceptInsecureCerts: true, browserName: firefox, browserVersion: 85.0.2, javascriptEnabled: true, moz:accessibilityChecks: false, moz:buildID: 20210208133944, moz:geckodriverVersion: 0.29.0, moz:headless: false, moz:processID: 17996, moz:profile: C:\Users\saism\AppData\Loca..., moz:shutdownTimeout: 60000, moz:useNonSpecCompliantPointerOrigin: false, moz:webdriverClick: true, pageLoadStrategy: normal, platform: WINDOWS, platformName: WINDOWS, platformVersion: 10.0, rotatable: false, setWindowRect: true, strictFileInteractability: false, timeouts: {implicit: 0, pageLoad: 300000, script: 30000}, unhandledPromptBehavior: dismiss and notify}
Session ID: be88c633-4ec1-4598-a42f-1e98a73681ca
*** Element info: {Using=id, value=email-error}
at org.openqa.selenium.remote.http.W3CHttpResponseCodec.createException(W3CHttpResponseCodec.java:187)
at org.openqa.selenium.remote.http.W3CHttpResponseCodec.decode(W3CHttpResponseCodec.java:122)
at org.openqa.selenium.remote.http.W3CHttpResponseCodec.decode(W3CHttpResponseCodec.java:49)
at org.openqa.selenium.remote.HttpCommandExecutor.execute(HttpCommandExecutor.java:158)
at org.openqa.selenium.remote.service.DriverCommandExecutor.execute(DriverCommandExecutor.java:83)
at org.openqa.selenium.remote.RemoteWebDriver.execute(RemoteWebDriver.java:552)
at org.openqa.selenium.remote.RemoteWebDriver.findElement(RemoteWebDriver.java:323)
at org.openqa.selenium.remote.RemoteWebDriver.findElementById(RemoteWebDriver.java:372)
at org.openqa.selenium.By$ById.findElement(By.java:188)
at org.openqa.selenium.remote.RemoteWebDriver.findElement(RemoteWebDriver.java:315)
at org.openqa.selenium.support.ui.ExpectedConditions$7.apply(ExpectedConditions.java:205)
at org.openqa.selenium.support.ui.ExpectedConditions$7.apply(ExpectedConditions.java:201)
at org.openqa.selenium.support.ui.FluentWait.until(FluentWait.java:249)
... 32 more
... Removed 32 stack frames]]>
    </failure>
  </testcase> <!-- verifyLoginSectionErrorValidation -->
  <testcase classname="tests.magentoLoginPageTest" name="verifyForgotPasswordLinkDisplay" time="0.046"/>
  <testcase classname="tests.magentoLoginPageTest" name="verifyForgotPasswordLinkNavigation" time="0.938"/>
  <testcase classname="tests.magentoLoginPageTest" name="verifyForgotPasswordPageElements" time="0.492"/>
  <testcase classname="tests.magentoLoginPageTest" name="verifyForgotPasswordPageBrowserBackFunctionality" time="0.947"/>
  <testcase classname="tests.magentoLoginPageTest" name="verifyInvalidLoginCredentials" time="3.126"/>
  <testcase classname="tests.magentoLoginPageTest" name="verifyInvalidLoginCredentials" time="2.764"/>
  <testcase classname="tests.magentoLoginPageTest" name="verifyLogin" time="1.504"/>
  <testcase classname="tests.magentoLoginPageTest" name="verifySignOutFeature" time="8.036"/>
  <testcase classname="tests.magentoCreateAccountPageTest" name="createAccountAndLogin" time="17.022"/>
</testsuite> <!-- FirefoxTest -->
